[2024-11-20 16:38:02,707][root][INFO] - Train_dataset:48000, Valid_dataset:12000, Test_dataset:10000
[2024-11-20 16:38:02,707][root][INFO] - Train_loader:40, Valid_loader:47, Test_loader:10000
[2024-11-20 16:38:02,709][root][INFO] - success to load model: SimpleModel(
  (fc1): Linear(in_features=784, out_features=10, bias=True)
)
[2024-11-20 16:38:02,763][root][INFO] - Iter [1/], Loss: 2.2766
[2024-11-20 16:38:02,802][root][INFO] - Iter [2/], Loss: 2.2700
[2024-11-20 16:38:02,845][root][INFO] - Iter [3/], Loss: 2.2301
[2024-11-20 16:38:02,889][root][INFO] - Iter [4/], Loss: 2.2245
[2024-11-20 16:38:02,954][root][INFO] - Iter [5/], Loss: 2.2432
[2024-11-20 16:38:02,994][root][INFO] - Iter [6/], Loss: 2.1893
[2024-11-20 16:38:03,035][root][INFO] - Iter [7/], Loss: 2.1464
[2024-11-20 16:38:03,082][root][INFO] - Iter [8/], Loss: 2.1575
[2024-11-20 16:38:03,164][root][INFO] - Iter [9/], Loss: 2.1219
[2024-11-20 16:38:03,219][root][INFO] - Iter [10/], Loss: 2.0912
[2024-11-20 16:38:03,299][root][INFO] - Iter [11/], Loss: 2.0868
[2024-11-20 16:38:03,344][root][INFO] - Iter [12/], Loss: 2.0562
[2024-11-20 16:38:03,398][root][INFO] - Iter [13/], Loss: 2.0646
[2024-11-20 16:38:03,434][root][INFO] - Iter [14/], Loss: 2.0092
[2024-11-20 16:38:03,490][root][INFO] - Iter [15/], Loss: 2.0201
[2024-11-20 16:38:03,534][root][INFO] - Iter [16/], Loss: 1.9676
[2024-11-20 16:38:03,584][root][INFO] - Iter [17/], Loss: 2.0154
[2024-11-20 16:38:03,625][root][INFO] - Iter [18/], Loss: 1.9846
[2024-11-20 16:38:03,707][root][INFO] - Iter [19/], Loss: 1.9432
[2024-11-20 16:38:03,744][root][INFO] - Iter [20/], Loss: 1.9226
[2024-11-20 16:38:03,828][root][INFO] - Iter [21/], Loss: 1.9443
[2024-11-20 16:38:03,872][root][INFO] - Iter [22/], Loss: 1.8984
[2024-11-20 16:38:03,928][root][INFO] - Iter [23/], Loss: 1.9260
[2024-11-20 16:38:03,969][root][INFO] - Iter [24/], Loss: 1.8681
[2024-11-20 16:38:04,025][root][INFO] - Iter [25/], Loss: 1.9126
[2024-11-20 16:38:04,090][root][INFO] - Iter [26/], Loss: 1.8400
[2024-11-20 16:38:04,139][root][INFO] - Iter [27/], Loss: 1.8360
[2024-11-20 16:38:04,176][root][INFO] - Iter [28/], Loss: 1.7918
[2024-11-20 16:38:04,218][root][INFO] - Iter [29/], Loss: 1.7896
[2024-11-20 16:38:04,265][root][INFO] - Iter [30/], Loss: 1.7807
[2024-11-20 16:38:04,320][root][INFO] - Iter [31/], Loss: 1.7675
[2024-11-20 16:38:04,362][root][INFO] - Iter [32/], Loss: 1.7803
[2024-11-20 16:38:04,419][root][INFO] - Iter [33/], Loss: 1.7569
[2024-11-20 16:38:04,463][root][INFO] - Iter [34/], Loss: 1.8072
[2024-11-20 16:38:04,523][root][INFO] - Iter [35/], Loss: 1.7387
[2024-11-20 16:38:04,602][root][INFO] - Iter [36/], Loss: 1.7102
[2024-11-20 16:38:04,681][root][INFO] - Iter [37/], Loss: 1.7645
[2024-11-20 16:38:04,761][root][INFO] - Iter [38/], Loss: 1.7184
[2024-11-20 16:38:04,801][root][INFO] - Iter [39/], Loss: 1.6956
[2024-11-20 16:38:04,846][root][INFO] - Iter [40/], Loss: 1.7521
[2024-11-20 16:38:04,918][root][INFO] - Iter [41/], Loss: 1.6924
[2024-11-20 16:38:04,987][root][INFO] - Iter [42/], Loss: 1.7060
[2024-11-20 16:38:05,060][root][INFO] - Iter [43/], Loss: 1.6986
[2024-11-20 16:38:05,120][root][INFO] - Iter [44/], Loss: 1.6607
[2024-11-20 16:38:05,175][root][INFO] - Iter [45/], Loss: 1.6735
[2024-11-20 16:38:05,241][root][INFO] - Iter [46/], Loss: 1.5879
[2024-11-20 16:38:05,280][root][INFO] - Iter [47/], Loss: 1.6173
[2024-11-20 16:38:05,318][root][INFO] - Iter [48/], Loss: 1.7292
[2024-11-20 16:38:05,364][root][INFO] - Iter [49/], Loss: 1.6067
[2024-11-20 16:38:05,450][root][INFO] - Iter [50/], Loss: 1.6666
[2024-11-20 16:38:05,503][root][INFO] - Iter [51/], Loss: 1.6259
[2024-11-20 16:38:05,583][root][INFO] - Iter [52/], Loss: 1.5930
[2024-11-20 16:38:05,651][root][INFO] - Iter [53/], Loss: 1.5875
[2024-11-20 16:38:05,733][root][INFO] - Iter [54/], Loss: 1.5843
[2024-11-20 16:38:05,782][root][INFO] - Iter [55/], Loss: 1.5530
[2024-11-20 16:38:05,831][root][INFO] - Iter [56/], Loss: 1.5894
[2024-11-20 16:38:05,893][root][INFO] - Iter [57/], Loss: 1.5144
[2024-11-20 16:38:05,950][root][INFO] - Iter [58/], Loss: 1.5718
[2024-11-20 16:38:05,992][root][INFO] - Iter [59/], Loss: 1.5395
[2024-11-20 16:38:06,050][root][INFO] - Iter [60/], Loss: 1.5435
[2024-11-20 16:38:06,131][root][INFO] - Iter [61/], Loss: 1.4990
[2024-11-20 16:38:06,171][root][INFO] - Iter [62/], Loss: 1.4936
[2024-11-20 16:38:06,213][root][INFO] - Iter [63/], Loss: 1.5456
[2024-11-20 16:38:06,255][root][INFO] - Iter [64/], Loss: 1.5621
[2024-11-20 16:38:06,327][root][INFO] - Iter [65/], Loss: 1.5047
[2024-11-20 16:38:06,371][root][INFO] - Iter [66/], Loss: 1.5893
[2024-11-20 16:38:06,423][root][INFO] - Iter [67/], Loss: 1.4912
[2024-11-20 16:38:06,480][root][INFO] - Iter [68/], Loss: 1.5856
[2024-11-20 16:38:06,562][root][INFO] - Iter [69/], Loss: 1.5118
[2024-11-20 16:38:06,600][root][INFO] - Iter [70/], Loss: 1.5006
[2024-11-20 16:38:06,638][root][INFO] - Iter [71/], Loss: 1.5068
[2024-11-20 16:38:06,675][root][INFO] - Iter [72/], Loss: 1.5135
[2024-11-20 16:38:06,757][root][INFO] - Iter [73/], Loss: 1.4668
[2024-11-20 16:38:06,804][root][INFO] - Iter [74/], Loss: 1.4095
[2024-11-20 16:38:06,883][root][INFO] - Iter [75/], Loss: 1.4798
[2024-11-20 16:38:06,927][root][INFO] - Iter [76/], Loss: 1.5172
[2024-11-20 16:38:07,009][root][INFO] - Iter [77/], Loss: 1.4613
[2024-11-20 16:38:07,080][root][INFO] - Iter [78/], Loss: 1.4928
[2024-11-20 16:38:07,132][root][INFO] - Iter [79/], Loss: 1.4656
[2024-11-20 16:38:07,187][root][INFO] - Iter [80/], Loss: 1.5079
[2024-11-20 16:38:07,275][root][INFO] - Iter [81/], Loss: 1.4423
[2024-11-20 16:38:07,340][root][INFO] - Iter [82/], Loss: 1.3772
[2024-11-20 16:38:07,397][root][INFO] - Iter [83/], Loss: 1.4282
[2024-11-20 16:38:07,440][root][INFO] - Iter [84/], Loss: 1.4060
[2024-11-20 16:38:07,498][root][INFO] - Iter [85/], Loss: 1.4398
[2024-11-20 16:38:07,559][root][INFO] - Iter [86/], Loss: 1.4304
[2024-11-20 16:38:07,618][root][INFO] - Iter [87/], Loss: 1.4628
[2024-11-20 16:38:07,687][root][INFO] - Iter [88/], Loss: 1.4751
[2024-11-20 16:38:07,775][root][INFO] - Iter [89/], Loss: 1.4349
[2024-11-20 16:38:07,824][root][INFO] - Iter [90/], Loss: 1.5392
[2024-11-20 16:38:07,874][root][INFO] - Iter [91/], Loss: 1.3537
[2024-11-20 16:38:07,929][root][INFO] - Iter [92/], Loss: 1.3940
[2024-11-20 16:38:07,972][root][INFO] - Iter [93/], Loss: 1.3978
[2024-11-20 16:38:08,051][root][INFO] - Iter [94/], Loss: 1.4523
[2024-11-20 16:38:08,109][root][INFO] - Iter [95/], Loss: 1.4292
[2024-11-20 16:38:08,146][root][INFO] - Iter [96/], Loss: 1.3757
[2024-11-20 16:38:08,203][root][INFO] - Iter [97/], Loss: 1.3291
[2024-11-20 16:38:08,264][root][INFO] - Iter [98/], Loss: 1.4808
[2024-11-20 16:38:08,325][root][INFO] - Iter [99/], Loss: 1.3753
[2024-11-20 16:38:08,366][root][INFO] - Iter [100/], Loss: 1.3738
[2024-11-20 16:38:08,409][root][INFO] - Iter [101/], Loss: 1.4302
[2024-11-20 16:38:08,469][root][INFO] - Iter [102/], Loss: 1.3942
[2024-11-20 16:38:08,522][root][INFO] - Iter [103/], Loss: 1.4439
[2024-11-20 16:38:08,572][root][INFO] - Iter [104/], Loss: 1.3402
[2024-11-20 16:38:08,614][root][INFO] - Iter [105/], Loss: 1.3563
[2024-11-20 16:38:08,699][root][INFO] - Iter [106/], Loss: 1.3771
[2024-11-20 16:38:08,761][root][INFO] - Iter [107/], Loss: 1.3887
[2024-11-20 16:38:08,840][root][INFO] - Iter [108/], Loss: 1.3557
[2024-11-20 16:38:08,893][root][INFO] - Iter [109/], Loss: 1.3336
[2024-11-20 16:38:08,945][root][INFO] - Iter [110/], Loss: 1.4037
[2024-11-20 16:38:08,987][root][INFO] - Iter [111/], Loss: 1.3541
[2024-11-20 16:38:09,068][root][INFO] - Iter [112/], Loss: 1.3530
[2024-11-20 16:38:09,124][root][INFO] - Iter [113/], Loss: 1.4004
[2024-11-20 16:38:09,167][root][INFO] - Iter [114/], Loss: 1.3857
[2024-11-20 16:38:09,217][root][INFO] - Iter [115/], Loss: 1.4012
[2024-11-20 16:38:09,256][root][INFO] - Iter [116/], Loss: 1.4047
[2024-11-20 16:38:09,338][root][INFO] - Iter [117/], Loss: 1.3469
[2024-11-20 16:38:09,380][root][INFO] - Iter [118/], Loss: 1.3873
[2024-11-20 16:38:09,430][root][INFO] - Iter [119/], Loss: 1.2797
[2024-11-20 16:38:09,468][root][INFO] - Iter [120/], Loss: 1.3661
[2024-11-20 16:38:09,546][root][INFO] - Iter [121/], Loss: 1.3015
[2024-11-20 16:38:09,613][root][INFO] - Iter [122/], Loss: 1.3940
[2024-11-20 16:38:09,691][root][INFO] - Iter [123/], Loss: 1.3149
[2024-11-20 16:38:09,772][root][INFO] - Iter [124/], Loss: 1.3627
[2024-11-20 16:38:09,862][root][INFO] - Iter [125/], Loss: 1.1994
[2024-11-20 16:38:09,926][root][INFO] - Iter [126/], Loss: 1.3274
[2024-11-20 16:38:09,993][root][INFO] - Iter [127/], Loss: 1.3492
[2024-11-20 16:38:10,040][root][INFO] - Iter [128/], Loss: 1.2633
[2024-11-20 16:38:10,103][root][INFO] - Iter [129/], Loss: 1.2803
[2024-11-20 16:38:10,165][root][INFO] - Iter [130/], Loss: 1.3444
[2024-11-20 16:38:10,246][root][INFO] - Iter [131/], Loss: 1.3378
[2024-11-20 16:38:10,287][root][INFO] - Iter [132/], Loss: 1.3264
[2024-11-20 16:38:10,338][root][INFO] - Iter [133/], Loss: 1.3779
[2024-11-20 16:38:10,384][root][INFO] - Iter [134/], Loss: 1.2260
[2024-11-20 16:38:10,426][root][INFO] - Iter [135/], Loss: 1.3504
[2024-11-20 16:38:10,478][root][INFO] - Iter [136/], Loss: 1.4008
[2024-11-20 16:38:10,542][root][INFO] - Iter [137/], Loss: 1.3148
[2024-11-20 16:38:10,595][root][INFO] - Iter [138/], Loss: 1.2259
[2024-11-20 16:38:10,665][root][INFO] - Iter [139/], Loss: 1.3917
[2024-11-20 16:38:10,744][root][INFO] - Iter [140/], Loss: 1.2757
[2024-11-20 16:38:10,790][root][INFO] - Iter [141/], Loss: 1.2748
[2024-11-20 16:38:10,867][root][INFO] - Iter [142/], Loss: 1.2906
[2024-11-20 16:38:10,913][root][INFO] - Iter [143/], Loss: 1.3623
[2024-11-20 16:38:10,952][root][INFO] - Iter [144/], Loss: 1.2289
[2024-11-20 16:38:11,039][root][INFO] - Iter [145/], Loss: 1.2721
[2024-11-20 16:38:11,080][root][INFO] - Iter [146/], Loss: 1.2583
[2024-11-20 16:38:11,122][root][INFO] - Iter [147/], Loss: 1.3418
[2024-11-20 16:38:11,167][root][INFO] - Iter [148/], Loss: 1.2228
[2024-11-20 16:38:11,250][root][INFO] - Iter [149/], Loss: 1.2370
[2024-11-20 16:38:11,293][root][INFO] - Iter [150/], Loss: 1.2259
[2024-11-20 16:38:11,332][root][INFO] - Iter [151/], Loss: 1.3133
[2024-11-20 16:38:11,373][root][INFO] - Iter [152/], Loss: 1.2699
[2024-11-20 16:38:11,415][root][INFO] - Iter [153/], Loss: 1.2502
[2024-11-20 16:38:11,456][root][INFO] - Iter [154/], Loss: 1.2603
[2024-11-20 16:38:11,496][root][INFO] - Iter [155/], Loss: 1.3598
[2024-11-20 16:38:11,540][root][INFO] - Iter [156/], Loss: 1.2240
[2024-11-20 16:38:11,595][root][INFO] - Iter [157/], Loss: 1.2093
[2024-11-20 16:38:11,679][root][INFO] - Iter [158/], Loss: 1.3102
[2024-11-20 16:38:11,756][root][INFO] - Iter [159/], Loss: 1.2694
[2024-11-20 16:38:11,799][root][INFO] - Iter [160/], Loss: 1.2943
[2024-11-20 16:38:11,850][root][INFO] - Iter [161/], Loss: 1.2951
[2024-11-20 16:38:11,892][root][INFO] - Iter [162/], Loss: 1.2228
[2024-11-20 16:38:11,929][root][INFO] - Iter [163/], Loss: 1.1940
[2024-11-20 16:38:11,968][root][INFO] - Iter [164/], Loss: 1.1973
[2024-11-20 16:38:12,012][root][INFO] - Iter [165/], Loss: 1.3056
[2024-11-20 16:38:12,066][root][INFO] - Iter [166/], Loss: 1.2831
[2024-11-20 16:38:12,150][root][INFO] - Iter [167/], Loss: 1.2672
[2024-11-20 16:38:12,220][root][INFO] - Iter [168/], Loss: 1.2871
[2024-11-20 16:38:12,305][root][INFO] - Iter [169/], Loss: 1.2502
[2024-11-20 16:38:12,344][root][INFO] - Iter [170/], Loss: 1.2171
[2024-11-20 16:38:12,427][root][INFO] - Iter [171/], Loss: 1.2909
[2024-11-20 16:38:12,466][root][INFO] - Iter [172/], Loss: 1.3054
[2024-11-20 16:38:12,545][root][INFO] - Iter [173/], Loss: 1.3535
[2024-11-20 16:38:12,587][root][INFO] - Iter [174/], Loss: 1.3245
[2024-11-20 16:38:12,667][root][INFO] - Iter [175/], Loss: 1.3084
[2024-11-20 16:38:12,722][root][INFO] - Iter [176/], Loss: 1.1512
[2024-11-20 16:38:12,799][root][INFO] - Iter [177/], Loss: 1.3564
[2024-11-20 16:38:12,889][root][INFO] - Iter [178/], Loss: 1.1990
[2024-11-20 16:38:12,986][root][INFO] - Iter [179/], Loss: 1.1984
[2024-11-20 16:38:13,074][root][INFO] - Iter [180/], Loss: 1.2627
[2024-11-20 16:38:13,113][root][INFO] - Iter [181/], Loss: 1.2102
[2024-11-20 16:38:13,165][root][INFO] - Iter [182/], Loss: 1.2941
[2024-11-20 16:38:13,232][root][INFO] - Iter [183/], Loss: 1.2841
[2024-11-20 16:38:13,285][root][INFO] - Iter [184/], Loss: 1.3541
[2024-11-20 16:38:13,360][root][INFO] - Iter [185/], Loss: 1.2036
[2024-11-20 16:38:13,422][root][INFO] - Iter [186/], Loss: 1.2659
[2024-11-20 16:38:13,512][root][INFO] - Iter [187/], Loss: 1.1554
[2024-11-20 16:38:13,565][root][INFO] - Iter [188/], Loss: 1.1651
[2024-11-20 16:38:13,623][root][INFO] - Iter [0/], Loss: 1.2091
[2024-11-20 16:38:13,721][root][INFO] - Iter [0/], Loss: 1.3243
[2024-11-20 16:38:13,816][root][INFO] - Iter [0/], Loss: 1.3106
[2024-11-20 16:38:13,879][root][INFO] - Iter [0/], Loss: 1.2298
[2024-11-20 16:38:13,957][root][INFO] - Iter [0/], Loss: 1.1651
[2024-11-20 16:38:14,023][root][INFO] - Iter [0/], Loss: 1.2221
[2024-11-20 16:38:14,109][root][INFO] - Iter [0/], Loss: 1.1889
[2024-11-20 16:38:14,155][root][INFO] - Iter [0/], Loss: 1.1185
[2024-11-20 16:38:14,239][root][INFO] - Iter [0/], Loss: 1.2012
[2024-11-20 16:38:14,319][root][INFO] - Iter [0/], Loss: 1.3094
[2024-11-20 16:38:14,376][root][INFO] - Iter [0/], Loss: 1.2228
[2024-11-20 16:38:14,455][root][INFO] - Iter [0/], Loss: 1.2815
[2024-11-20 16:38:14,540][root][INFO] - Iter [0/], Loss: 1.3151
[2024-11-20 16:38:14,625][root][INFO] - Iter [0/], Loss: 1.2840
[2024-11-20 16:38:14,672][root][INFO] - Iter [0/], Loss: 1.1876
[2024-11-20 16:38:14,728][root][INFO] - Iter [0/], Loss: 1.1912
[2024-11-20 16:38:14,791][root][INFO] - Iter [0/], Loss: 1.2835
[2024-11-20 16:38:14,843][root][INFO] - Iter [0/], Loss: 1.3476
[2024-11-20 16:38:14,928][root][INFO] - Iter [0/], Loss: 1.2881
[2024-11-20 16:38:15,013][root][INFO] - Iter [0/], Loss: 1.3172
[2024-11-20 16:38:15,101][root][INFO] - Iter [0/], Loss: 1.3083
[2024-11-20 16:38:15,176][root][INFO] - Iter [0/], Loss: 1.3352
[2024-11-20 16:38:15,235][root][INFO] - Iter [0/], Loss: 1.2140
[2024-11-20 16:38:15,319][root][INFO] - Iter [0/], Loss: 1.1340
[2024-11-20 16:38:15,374][root][INFO] - Iter [0/], Loss: 1.3356
[2024-11-20 16:38:15,449][root][INFO] - Iter [0/], Loss: 1.2097
[2024-11-20 16:38:15,528][root][INFO] - Iter [0/], Loss: 1.2627
[2024-11-20 16:38:15,575][root][INFO] - Iter [0/], Loss: 1.2681
[2024-11-20 16:38:15,657][root][INFO] - Iter [0/], Loss: 1.1692
[2024-11-20 16:38:15,739][root][INFO] - Iter [0/], Loss: 1.1846
[2024-11-20 16:38:15,830][root][INFO] - Iter [0/], Loss: 1.1255
[2024-11-20 16:38:15,926][root][INFO] - Iter [0/], Loss: 1.2543
[2024-11-20 16:38:16,016][root][INFO] - Iter [0/], Loss: 1.2990
[2024-11-20 16:38:16,099][root][INFO] - Iter [0/], Loss: 1.2777
[2024-11-20 16:38:16,187][root][INFO] - Iter [0/], Loss: 1.2350
[2024-11-20 16:38:16,249][root][INFO] - Iter [0/], Loss: 1.1792
[2024-11-20 16:38:16,323][root][INFO] - Iter [0/], Loss: 1.3503
[2024-11-20 16:38:16,378][root][INFO] - Iter [0/], Loss: 1.1620
[2024-11-20 16:38:16,439][root][INFO] - Iter [0/], Loss: 1.2924
[2024-11-20 16:38:16,523][root][INFO] - Iter [0/], Loss: 1.3255
[2024-11-20 16:38:16,566][root][INFO] - Iter [0/], Loss: 1.2227
[2024-11-20 16:38:16,627][root][INFO] - Iter [0/], Loss: 1.2673
[2024-11-20 16:38:16,704][root][INFO] - Iter [0/], Loss: 1.3390
[2024-11-20 16:38:16,783][root][INFO] - Iter [0/], Loss: 1.2850
[2024-11-20 16:38:16,830][root][INFO] - Iter [0/], Loss: 1.1776
[2024-11-20 16:38:16,886][root][INFO] - Iter [0/], Loss: 1.1902
[2024-11-20 16:38:16,965][root][INFO] - Iter [0/], Loss: 1.3347
[2024-11-20 16:38:19,200][root][INFO] - Accuracy: 64.26%
