[2024-11-18 23:25:05,265][root][INFO] - train_dataset: 48000 | valid_dataset: 12000 | test_dataset: 10000
[2024-11-18 23:25:05,266][root][INFO] - train_loader: 375 | valid_loader: 94 | test_loader: 79
[2024-11-18 23:25:05,267][root][INFO] - success to load model: SimpleModel(
  (fc1): Linear(in_features=784, out_features=10, bias=True)
)
[2024-11-18 23:25:25,506][root][INFO] - Epoch [1/16], Loss: 13.3025, Validation Accuracy: 78.85%
[2024-11-18 23:25:45,739][root][INFO] - Epoch [2/16], Loss: 3.5392, Validation Accuracy: 84.05%
[2024-11-18 23:26:05,905][root][INFO] - Epoch [3/16], Loss: 2.6016, Validation Accuracy: 85.78%
[2024-11-18 23:26:26,005][root][INFO] - Epoch [4/16], Loss: 2.1377, Validation Accuracy: 87.03%
[2024-11-18 23:26:45,893][root][INFO] - Epoch [5/16], Loss: 1.8477, Validation Accuracy: 87.68%
[2024-11-18 23:27:05,664][root][INFO] - Epoch [6/16], Loss: 1.6440, Validation Accuracy: 87.28%
[2024-11-18 23:27:25,764][root][INFO] - Epoch [7/16], Loss: 1.4778, Validation Accuracy: 87.53%
[2024-11-18 23:27:45,126][root][INFO] - Epoch [8/16], Loss: 1.3531, Validation Accuracy: 87.97%
[2024-11-18 23:28:05,689][root][INFO] - Epoch [9/16], Loss: 1.2546, Validation Accuracy: 87.81%
[2024-11-18 23:28:25,848][root][INFO] - Epoch [10/16], Loss: 1.1662, Validation Accuracy: 87.84%
[2024-11-18 23:28:45,543][root][INFO] - Epoch [11/16], Loss: 1.0871, Validation Accuracy: 87.91%
[2024-11-18 23:29:04,747][root][INFO] - Epoch [12/16], Loss: 1.0164, Validation Accuracy: 88.38%
[2024-11-18 23:29:25,257][root][INFO] - Epoch [13/16], Loss: 0.9556, Validation Accuracy: 88.59%
[2024-11-18 23:29:44,350][root][INFO] - Epoch [14/16], Loss: 0.9043, Validation Accuracy: 88.32%
[2024-11-18 23:30:03,900][root][INFO] - Epoch [15/16], Loss: 0.8528, Validation Accuracy: 87.99%
[2024-11-18 23:30:24,056][root][INFO] - Epoch [16/16], Loss: 0.8052, Validation Accuracy: 88.24%
[2024-11-18 23:30:24,059][root][INFO] - Best model weights saved with accuracy: 88.59%
[2024-11-18 23:30:27,083][root][INFO] - Accuracy: 88.96%
